ugcvideouploaddemo/build/intermediates/manifest_merge_blame_file/debug/manifest-merger-blame-debug-report.txt
1<?xml version="1.0" encoding="utf-8"?>
2<manifest xmlns:android="http://schemas.android.com/apk/res/android"
3    package="com.tencent.liteav.demo.videouploader"
4    android:versionCode="1"
5    android:versionName="1.0" >
6
7    <uses-sdk
8        android:minSdkVersion="19"
8-->src/main/AndroidManifest.xml
9        android:targetSdkVersion="26" />
9-->src/main/AndroidManifest.xml
10
11    <uses-permission android:name="android.permission.INTERNET" />
11-->src/main/AndroidManifest.xml:4:5-67
11-->src/main/AndroidManifest.xml:4:22-64
12    <uses-permission android:name="android.permission.ACCESS_NETWORK_STATE" />
12-->src/main/AndroidManifest.xml:5:5-79
12-->src/main/AndroidManifest.xml:5:22-76
13    <uses-permission android:name="android.permission.ACCESS_WIFI_STATE" />
13-->src/main/AndroidManifest.xml:6:5-76
13-->src/main/AndroidManifest.xml:6:22-73
14    <uses-permission android:name="android.permission.WRITE_EXTERNAL_STORAGE" />
14-->src/main/AndroidManifest.xml:7:5-81
14-->src/main/AndroidManifest.xml:7:22-78
15    <uses-permission android:name="android.permission.READ_EXTERNAL_STORAGE" />
15-->src/main/AndroidManifest.xml:8:5-80
15-->src/main/AndroidManifest.xml:8:22-77
16    <uses-permission android:name="android.permission.SYSTEM_ALERT_WINDOW" />
16-->src/main/AndroidManifest.xml:9:5-78
16-->src/main/AndroidManifest.xml:9:22-75
17
18    <application>
18-->src/main/AndroidManifest.xml:11:5-37:19
19        <activity
19-->src/main/AndroidManifest.xml:13:9-15:77
20            android:name="com.tencent.liteav.demo.videouploader.ui.TCVideoPublishActivity"
20-->src/main/AndroidManifest.xml:14:13-54
21            android:configChanges="keyboardHidden|orientation|screenSize" />
21-->src/main/AndroidManifest.xml:15:13-74
22        <activity
22-->src/main/AndroidManifest.xml:17:9-27:20
23            android:name="com.tencent.liteav.demo.videouploader.ui.TCCompressActivity"
23-->src/main/AndroidManifest.xml:18:13-50
24            android:configChanges="keyboardHidden|orientation|screenSize"
24-->src/main/AndroidManifest.xml:20:13-74
25            android:launchMode="singleTop" >
25-->src/main/AndroidManifest.xml:19:13-43
26            <intent-filter>
26-->src/main/AndroidManifest.xml:21:13-26:29
27                <action android:name="com.tencent.liteav.demo.videocompress" />
27-->src/main/AndroidManifest.xml:22:17-80
27-->src/main/AndroidManifest.xml:22:25-77
28                <action android:name="android.intent.action.MAIN" />
28-->src/main/AndroidManifest.xml:23:17-69
28-->src/main/AndroidManifest.xml:23:25-66
29
30                <category android:name="android.intent.category.DEFAULT" />
30-->src/main/AndroidManifest.xml:25:17-76
30-->src/main/AndroidManifest.xml:25:27-73
31            </intent-filter>
32        </activity>
33
34        <receiver android:name="com.tencent.liteav.demo.videouploader.model.impl.TVCNetWorkStateReceiver" >
34-->src/main/AndroidManifest.xml:29:9-36:20
34-->src/main/AndroidManifest.xml:29:19-69
35            <intent-filter>
35-->src/main/AndroidManifest.xml:30:13-35:29
36
37                <!-- 检测网络变化的action -->
38                <action android:name="android.net.conn.CONNECTIVITY_CHANGE" />
38-->src/main/AndroidManifest.xml:32:17-79
38-->src/main/AndroidManifest.xml:32:25-76
39
40                <category android:name="android.intent.category.DEFAULT" />
40-->src/main/AndroidManifest.xml:25:17-76
40-->src/main/AndroidManifest.xml:25:27-73
41            </intent-filter>
42        </receiver>
43    </application>
44
45</manifest>